[0mGET /blog/detail/1 [32m200[0m 34.619 ms - 145[0m
[0mGET /blog/list [32m200[0m 47.220 ms - 309[0m
[0mGET /blog/list [32m200[0m 28.631 ms - 309[0m
[0mGET /favicon.ico [33m404[0m 11.487 ms - 9[0m
[0mGET /blog/list [0m-[0m - ms - -[0m
[0mGET /blog/list [32m200[0m 26.420 ms - 309[0m
[0mGET /blog/detail/1 [32m200[0m 22.473 ms - 145[0m
[0mGET /blog/detail/1 [32m200[0m 21.505 ms - 145[0m
[0mGET /aaa [33m404[0m 9.956 ms - 9[0m
[0mGET /blog/list [32m200[0m 18.389 ms - 309[0m
[0mGET /favicon.ico [33m404[0m 2.328 ms - 9[0m
[0mGET /blog/recommend [32m200[0m 22.203 ms - 353[0m
[0mGET /favicon.ico [33m404[0m 2.042 ms - 9[0m
[0mGET /blog/recommend [32m200[0m 18.929 ms - 30[0m
[0mGET /blog/recommend [32m200[0m 12.556 ms - 204[0m
[0mGET /recommend [33m404[0m 2.738 ms - 9[0m
[0mGET /blog/recommend [32m200[0m 18.681 ms - 204[0m
[0mGET /blog/recommend [32m200[0m 11.707 ms - 204[0m
[0mGET /blog/recommend [32m200[0m 14.211 ms - 204[0m
[0mGET /blog/recommend [32m200[0m 11.442 ms - 204[0m
[0mGET /blog/recommend [32m200[0m 13.140 ms - 204[0m
[0mGET /blog/recommend [32m200[0m 14.224 ms - 204[0m
[0mGET /blog/recommend [32m200[0m 12.793 ms - 204[0m
[0mGET /blog/recommend [0m-[0m - ms - -[0m
[0mGET /blog/recommend [32m200[0m 19.381 ms - 204[0m
[0mGET /blog/recommend [0m-[0m - ms - -[0m
[0mGET /blog/recommend [31m500[0m 4912.363 ms - 21[0m
[0mGET /blog/recommend [31m500[0m 3.490 ms - 21[0m
[0mGET /blog/recommend [32m200[0m 21.733 ms - 204[0m
[0mGET /blog/recommend [32m200[0m 13.807 ms - 204[0m
[0mGET /blog/recommend [32m200[0m 12.705 ms - 204[0m
[0mGET /blog/recommend [0m-[0m - ms - -[0m
[0mGET /blog/recommend [31m500[0m 6.886 ms - 21[0m
[0mGET /blog/recommend [31m500[0m 3.659 ms - 21[0m
[0mGET /blog/recommend [31m500[0m 3.737 ms - 21[0m
[0mGET /blog/recommend [32m200[0m 15.517 ms - 204[0m
[0mGET /blog/recommend [32m200[0m 16.422 ms - 204[0m
[0mGET /blog/recommend [32m200[0m 20.865 ms - 204[0m
[0mGET /blog/recommend [32m200[0m 9.456 ms - 204[0m
[0mGET /blog/recommend [32m200[0m 12.756 ms - 204[0m
[0mGET /blog/recommend [0m-[0m - ms - -[0m
[0mGET /blog/recommend [32m200[0m 20.140 ms - 204[0m
[0mGET /blog/recommend [32m200[0m 12.669 ms - 204[0m
[0mGET /blog/recommend [0m-[0m - ms - -[0m
[0mGET /blog/recommend [31m500[0m 5.109 ms - 21[0m
[0mGET /blog/recommend [31m500[0m 3.333 ms - 21[0m
[0mGET /blog/recommend [32m200[0m 23.809 ms - 204[0m
[0mGET /blog/recommend [32m200[0m 14.471 ms - 204[0m
[0mGET /blog/recommend [32m200[0m 22.403 ms - 204[0m
[0mGET /blog/recommend [32m200[0m 11.245 ms - 204[0m
[0mGET /blog/recommend [32m200[0m 15.379 ms - 249[0m
[0mGET /blog/recommend [32m200[0m 15.196 ms - 249[0m
[0mGET /blog/recommend [32m200[0m 13.053 ms - 249[0m
[0mGET /blog/recommend [32m200[0m 12.274 ms - 249[0m
[0mGET /blog/recommend [32m200[0m 21.939 ms - 249[0m
[0mGET /blog/recommend [32m200[0m 11.447 ms - 249[0m
[0mGET /blog/recommend [32m200[0m 9.643 ms - 249[0m
[0mGET /blog/recommend [32m200[0m 11.609 ms - 249[0m
[0mGET /blog/recommend [32m200[0m 10.821 ms - 249[0m
[0mGET /blog/recommend [0m-[0m - ms - -[0m
[0mGET /blog/recommend [32m200[0m 24.629 ms - 249[0m
[0mGET /blog/recommend [32m200[0m 17.032 ms - 249[0m
[0mGET /blog/recommend [32m200[0m 11.439 ms - 249[0m
[0mGET /blog/recommend [32m200[0m 17.918 ms - 249[0m
[0mGET /blog/recommend [0m-[0m - ms - -[0m
[0mGET /blog/detail/1 [31m500[0m 15.012 ms - 21[0m
[0mGET /blog/detail/1 [32m200[0m 18.058 ms - 165[0m
[0mGET /blog/recommend [32m200[0m 16.237 ms - 249[0m
[0mGET /blog/detail/1 [32m200[0m 11.765 ms - 165[0m
[0mGET /blog/detail/1 [32m200[0m 14.197 ms - 165[0m
[0mGET /blog/detail/1 [0m-[0m - ms - -[0m
[0mGET /blog/detail/1 [32m200[0m 33.551 ms - 165[0m
[0mGET /blog/detail/1 [32m200[0m 14.348 ms - 165[0m
[0mGET /blog/detail/1 [32m200[0m 11.362 ms - 165[0m
[0mGET /user/userinfo?id=1 [31m500[0m 22.721 ms - 21[0m
[0mGET /user/userinfo?id=1 [31m500[0m 26.148 ms - 21[0m
[0mGET /user/userinfo?id=1 [32m200[0m 13.477 ms - 46[0m
[0mGET /user/userinfo?id=1 [32m200[0m 24.179 ms - 127[0m
[0mGET /user/userinfo?id=1 [32m200[0m 24.341 ms - 145[0m
[0mGET /user/userinfo?id=1 [32m200[0m 18.632 ms - 121[0m
[0mGET /blog/detail/1 [32m200[0m 18.400 ms - 165[0m
[0mGET /user/userinfo [32m200[0m 12.920 ms - 121[0m
[0mGET /blog/detail/1 [32m200[0m 16.626 ms - 165[0m
[0mGET /user/userinfo [32m200[0m 10.296 ms - 121[0m
[0mGET /blog/detail/1 [32m200[0m 11.046 ms - 165[0m
[0mGET /user/userinfo [32m200[0m 10.157 ms - 121[0m
[0mGET /blog/detail/1 [0m-[0m - ms - -[0m
[0mGET /user/userinfo?id=1 [32m200[0m 15.682 ms - 121[0m
[0mGET /blog/detail/1 [32m200[0m 25.001 ms - 165[0m
[0mGET /user/userinfo [32m200[0m 13.239 ms - 121[0m
[0mGET /blog/detail/1 [32m200[0m 14.391 ms - 165[0m
[0mGET /user/userinfo [32m200[0m 10.427 ms - 121[0m
[0mGET /blog/detail/1 [32m200[0m 9.304 ms - 165[0m
[0mGET /user/userinfo [32m200[0m 9.656 ms - 121[0m
[0mGET /blog/detail/1 [32m200[0m 11.098 ms - 165[0m
[0mGET /user/userinfo [32m200[0m 9.246 ms - 121[0m
[0mGET /blog/detail/1 [32m200[0m 11.875 ms - 165[0m
[0mGET /user/userinfo [32m200[0m 9.963 ms - 121[0m
[0mGET /blog/detail/1 [32m200[0m 10.771 ms - 165[0m
[0mGET /user/userinfo [32m200[0m 9.644 ms - 121[0m
[0mGET /blog/detail/1 [32m200[0m 12.723 ms - 165[0m
[0mGET /user/userinfo [32m200[0m 19.982 ms - 121[0m
[0mGET /blog/detail/1 [32m200[0m 14.224 ms - 165[0m
[0mGET /user/userinfo [32m200[0m 10.092 ms - 121[0m
[0mGET /blog/detail/1 [32m200[0m 10.283 ms - 165[0m
[0mGET /user/userinfo [32m200[0m 13.555 ms - 121[0m
[0mGET /blog/detail/1 [32m200[0m 12.047 ms - 168[0m
[0mGET /user/userinfo [32m200[0m 11.677 ms - 121[0m
[0mGET /blog/detail/1 [32m200[0m 11.981 ms - 168[0m
[0mGET /user/userinfo [32m200[0m 9.877 ms - 121[0m
[0mGET /blog/detail/1 [32m200[0m 23.968 ms - 168[0m
[0mGET /user/userinfo [32m200[0m 14.654 ms - 121[0m
[0mGET /blog/detail/1 [0m-[0m - ms - -[0m
[0mPOST /user/login [31m500[0m 7.718 ms - 21[0m
[0mPOST /user/login [32m200[0m 37.604 ms - 45[0m
[0mPOST /user/login [0m-[0m - ms - -[0m
[0mPOST /user/login [31m500[0m 4.890 ms - 21[0m
[0mPOST /user/login [31m500[0m 3.516 ms - 21[0m
[0mPOST /user/login [32m200[0m 15.279 ms - 17[0m
[0mPOST /user/login [32m200[0m 21.609 ms - 45[0m
[0mPOST /user/login [32m200[0m 23.311 ms - 45[0m
[0mPOST /user/login [32m200[0m 21.154 ms - 45[0m
[0mPOST /user/login [32m200[0m 31.877 ms - 45[0m
[0mPOST /user/login [32m200[0m 32.111 ms - 45[0m
[0mPOST /user/login [32m200[0m 48.390 ms - 45[0m
[0mPOST /user/login [32m200[0m 39.001 ms - 45[0m
[0mGET /blog/detail/1 [32m200[0m 27.771 ms - 193[0m
[0mGET /user/userinfo [32m200[0m 19.732 ms - 121[0m
[0mPOST /user/login [32m200[0m 31.205 ms - 45[0m
[0mPOST /user/login [32m200[0m 32.391 ms - 45[0m
[0mPOST /user/login [32m200[0m 19.368 ms - 45[0m
