2022-05-24 15:41:17: 连接至redis
2022-06-06 11:09:26: 连接至redis
2022-06-06 11:09:36:   <-- POST /user/login
2022-06-06 11:09:37: POST /user/login - 225ms
2022-06-06 11:09:37:   --> POST /user/login 200 228ms 63b
2022-06-06 11:10:18:   <-- GET /blog/recommend
2022-06-06 11:10:18: GET /blog/recommend - 28ms
2022-06-06 11:10:18:   --> GET /blog/recommend 200 29ms 173b
2022-06-06 11:10:43:   <-- GET /blog/recommend
2022-06-06 11:10:43: GET /blog/recommend - 20ms
2022-06-06 11:10:43:   --> GET /blog/recommend 200 21ms 173b
2022-06-06 11:33:42:   <-- GET /images/1654141320172.ico
2022-06-06 11:34:01: GET /images/1654141320172.ico - 19059ms
2022-06-06 11:34:01:   --> GET /images/1654141320172.ico 404 19s -
2022-06-06 11:34:01:   <-- GET /favicon.ico
2022-06-06 11:34:01: GET /favicon.ico - 13ms
2022-06-06 11:34:01:   --> GET /favicon.ico 404 14ms -
2022-06-06 11:35:03:   <-- POST /blog/new
2022-06-06 11:35:03: {
2022-06-06 11:35:03:   cookie: {
2022-06-06 11:35:03:     path: '/',
2022-06-06 11:35:03:     httpOnly: false,
2022-06-06 11:35:03:     maxAge: 86400000,
2022-06-06 11:35:03:     domain: 'localhost',
2022-06-06 11:35:03:     overwrite: true,
2022-06-06 11:35:03:     signed: true
2022-06-06 11:35:03:   },
2022-06-06 11:35:03:   username: 'nash',
2022-06-06 11:35:03:   nickname: '纳什'
2022-06-06 11:35:03: }
2022-06-06 11:35:22:   xxx POST /blog/new 500 19s -
2022-06-06 11:36:19:   <-- POST /blog/new
2022-06-06 11:36:19: {
2022-06-06 11:36:19:   cookie: {
2022-06-06 11:36:19:     path: '/',
2022-06-06 11:36:19:     httpOnly: false,
2022-06-06 11:36:19:     maxAge: 86400000,
2022-06-06 11:36:19:     domain: 'localhost',
2022-06-06 11:36:19:     overwrite: true,
2022-06-06 11:36:19:     signed: true
2022-06-06 11:36:19:   },
2022-06-06 11:36:19:   username: 'nash',
2022-06-06 11:36:19:   nickname: '纳什'
2022-06-06 11:36:19: }
2022-06-06 11:36:19:   xxx POST /blog/new 500 10ms -
